<?xml version="1.0" encoding="UTF-8"?>
<testsuite xmlns:xsi="http://www.w3.org/2001/XMLSchema-instance" xsi:noNamespaceSchemaLocation="https://maven.apache.org/surefire/maven-surefire-plugin/xsd/surefire-test-report.xsd" version="3.0.2" name="com.dbic.usersystem.catalogApiApplicationTests" time="0.782" tests="1" errors="0" skipped="0" failures="0">
  <properties>
    <property name="java.specification.version" value="23"/>
    <property name="sun.jnu.encoding" value="UTF-8"/>
    <property name="java.class.path" value="/Users/shawnpearson/source/globalcorp-catalogapi-cloudsql/target/test-classes:/Users/shawnpearson/source/globalcorp-catalogapi-cloudsql/target/classes:/Users/shawnpearson/.m2/repository/com/google/cloud/spring-cloud-gcp-starter-sql-mysql/4.1.4/spring-cloud-gcp-starter-sql-mysql-4.1.4.jar:/Users/shawnpearson/.m2/repository/com/google/cloud/spring-cloud-gcp-starter/4.1.4/spring-cloud-gcp-starter-4.1.4.jar:/Users/shawnpearson/.m2/repository/com/google/cloud/spring-cloud-gcp-core/4.1.4/spring-cloud-gcp-core-4.1.4.jar:/Users/shawnpearson/.m2/repository/com/google/cloud/google-cloud-core/2.14.0/google-cloud-core-2.14.0.jar:/Users/shawnpearson/.m2/repository/com/google/auto/value/auto-value-annotations/1.10.1/auto-value-annotations-1.10.1.jar:/Users/shawnpearson/.m2/repository/com/google/protobuf/protobuf-java-util/3.21.12/protobuf-java-util-3.21.12.jar:/Users/shawnpearson/.m2/repository/com/google/api/grpc/proto-google-common-protos/2.15.0/proto-google-common-protos-2.15.0.jar:/Users/shawnpearson/.m2/repository/com/google/api/grpc/proto-google-iam-v1/1.10.0/proto-google-iam-v1-1.10.0.jar:/Users/shawnpearson/.m2/repository/org/threeten/threetenbp/1.6.7/threetenbp-1.6.7.jar:/Users/shawnpearson/.m2/repository/com/google/api/api-common/2.7.0/api-common-2.7.0.jar:/Users/shawnpearson/.m2/repository/com/google/auto/value/auto-value/1.10.1/auto-value-1.10.1.jar:/Users/shawnpearson/.m2/repository/javax/annotation/javax.annotation-api/1.3.2/javax.annotation-api-1.3.2.jar:/Users/shawnpearson/.m2/repository/com/google/auth/google-auth-library-credentials/1.16.0/google-auth-library-credentials-1.16.0.jar:/Users/shawnpearson/.m2/repository/com/google/protobuf/protobuf-java/3.21.12/protobuf-java-3.21.12.jar:/Users/shawnpearson/.m2/repository/com/google/cloud/spring-cloud-gcp-autoconfigure/4.1.4/spring-cloud-gcp-autoconfigure-4.1.4.jar:/Users/shawnpearson/.m2/repository/org/apache/commons/commons-lang3/3.17.0/commons-lang3-3.17.0.jar:/Users/shawnpearson/.m2/repository/org/springframework/boot/spring-boot-starter-jdbc/3.4.1-SNAPSHOT/spring-boot-starter-jdbc-3.4.1-SNAPSHOT.jar:/Users/shawnpearson/.m2/repository/com/zaxxer/HikariCP/5.1.0/HikariCP-5.1.0.jar:/Users/shawnpearson/.m2/repository/org/springframework/spring-jdbc/6.2.0/spring-jdbc-6.2.0.jar:/Users/shawnpearson/.m2/repository/com/google/cloud/sql/mysql-socket-factory/1.11.0/mysql-socket-factory-1.11.0.jar:/Users/shawnpearson/.m2/repository/com/google/cloud/sql/jdbc-socket-factory-core/1.11.0/jdbc-socket-factory-core-1.11.0.jar:/Users/shawnpearson/.m2/repository/dev/failsafe/failsafe/3.3.0/failsafe-3.3.0.jar:/Users/shawnpearson/.m2/repository/com/github/jnr/jnr-unixsocket/0.38.19/jnr-unixsocket-0.38.19.jar:/Users/shawnpearson/.m2/repository/com/github/jnr/jnr-ffi/2.2.13/jnr-ffi-2.2.13.jar:/Users/shawnpearson/.m2/repository/com/github/jnr/jffi/1.3.10/jffi-1.3.10.jar:/Users/shawnpearson/.m2/repository/com/github/jnr/jffi/1.3.10/jffi-1.3.10-native.jar:/Users/shawnpearson/.m2/repository/org/ow2/asm/asm-commons/9.2/asm-commons-9.2.jar:/Users/shawnpearson/.m2/repository/com/github/jnr/jnr-a64asm/1.0.0/jnr-a64asm-1.0.0.jar:/Users/shawnpearson/.m2/repository/com/github/jnr/jnr-x86asm/1.0.2/jnr-x86asm-1.0.2.jar:/Users/shawnpearson/.m2/repository/com/github/jnr/jnr-constants/0.10.4/jnr-constants-0.10.4.jar:/Users/shawnpearson/.m2/repository/com/github/jnr/jnr-enxio/0.32.14/jnr-enxio-0.32.14.jar:/Users/shawnpearson/.m2/repository/com/github/jnr/jnr-posix/3.1.16/jnr-posix-3.1.16.jar:/Users/shawnpearson/.m2/repository/org/ow2/asm/asm-util/9.4/asm-util-9.4.jar:/Users/shawnpearson/.m2/repository/org/ow2/asm/asm-tree/9.4/asm-tree-9.4.jar:/Users/shawnpearson/.m2/repository/org/ow2/asm/asm-analysis/9.4/asm-analysis-9.4.jar:/Users/shawnpearson/.m2/repository/com/google/http-client/google-http-client/1.43.1/google-http-client-1.43.1.jar:/Users/shawnpearson/.m2/repository/org/apache/httpcomponents/httpclient/4.5.14/httpclient-4.5.14.jar:/Users/shawnpearson/.m2/repository/commons-logging/commons-logging/1.2/commons-logging-1.2.jar:/Users/shawnpearson/.m2/repository/org/apache/httpcomponents/httpcore/4.4.16/httpcore-4.4.16.jar:/Users/shawnpearson/.m2/repository/io/opencensus/opencensus-api/0.31.1/opencensus-api-0.31.1.jar:/Users/shawnpearson/.m2/repository/io/grpc/grpc-context/1.54.0/grpc-context-1.54.0.jar:/Users/shawnpearson/.m2/repository/io/opencensus/opencensus-contrib-http-util/0.31.1/opencensus-contrib-http-util-0.31.1.jar:/Users/shawnpearson/.m2/repository/com/google/errorprone/error_prone_annotations/2.16/error_prone_annotations-2.16.jar:/Users/shawnpearson/.m2/repository/com/google/http-client/google-http-client-gson/1.43.1/google-http-client-gson-1.43.1.jar:/Users/shawnpearson/.m2/repository/com/google/code/gson/gson/2.11.0/gson-2.11.0.jar:/Users/shawnpearson/.m2/repository/com/google/api-client/google-api-client/2.2.0/google-api-client-2.2.0.jar:/Users/shawnpearson/.m2/repository/commons-codec/commons-codec/1.17.1/commons-codec-1.17.1.jar:/Users/shawnpearson/.m2/repository/com/google/http-client/google-http-client-apache-v2/1.43.1/google-http-client-apache-v2-1.43.1.jar:/Users/shawnpearson/.m2/repository/org/checkerframework/checker-compat-qual/2.5.5/checker-compat-qual-2.5.5.jar:/Users/shawnpearson/.m2/repository/com/google/apis/google-api-services-sqladmin/v1beta4-rev20230111-2.0.0/google-api-services-sqladmin-v1beta4-rev20230111-2.0.0.jar:/Users/shawnpearson/.m2/repository/com/google/auth/google-auth-library-oauth2-http/1.16.0/google-auth-library-oauth2-http-1.16.0.jar:/Users/shawnpearson/.m2/repository/com/google/oauth-client/google-oauth-client/1.34.1/google-oauth-client-1.34.1.jar:/Users/shawnpearson/.m2/repository/com/google/api/gax/2.24.0/gax-2.24.0.jar:/Users/shawnpearson/.m2/repository/com/google/guava/guava/31.1-jre/guava-31.1-jre.jar:/Users/shawnpearson/.m2/repository/com/google/guava/failureaccess/1.0.1/failureaccess-1.0.1.jar:/Users/shawnpearson/.m2/repository/com/google/guava/listenablefuture/9999.0-empty-to-avoid-conflict-with-guava/listenablefuture-9999.0-empty-to-avoid-conflict-with-guava.jar:/Users/shawnpearson/.m2/repository/com/google/code/findbugs/jsr305/3.0.2/jsr305-3.0.2.jar:/Users/shawnpearson/.m2/repository/org/checkerframework/checker-qual/3.12.0/checker-qual-3.12.0.jar:/Users/shawnpearson/.m2/repository/com/google/j2objc/j2objc-annotations/1.3/j2objc-annotations-1.3.jar:/Users/shawnpearson/.m2/repository/org/slf4j/slf4j-api/2.0.16/slf4j-api-2.0.16.jar:/Users/shawnpearson/.m2/repository/org/springframework/boot/spring-boot-starter-data-jpa/3.4.1-SNAPSHOT/spring-boot-starter-data-jpa-3.4.1-SNAPSHOT.jar:/Users/shawnpearson/.m2/repository/org/springframework/boot/spring-boot-starter/3.4.1-SNAPSHOT/spring-boot-starter-3.4.1-SNAPSHOT.jar:/Users/shawnpearson/.m2/repository/org/springframework/boot/spring-boot/3.4.1-SNAPSHOT/spring-boot-3.4.1-SNAPSHOT.jar:/Users/shawnpearson/.m2/repository/org/springframework/boot/spring-boot-autoconfigure/3.4.1-SNAPSHOT/spring-boot-autoconfigure-3.4.1-SNAPSHOT.jar:/Users/shawnpearson/.m2/repository/org/springframework/boot/spring-boot-starter-logging/3.4.1-SNAPSHOT/spring-boot-starter-logging-3.4.1-SNAPSHOT.jar:/Users/shawnpearson/.m2/repository/ch/qos/logback/logback-classic/1.5.12/logback-classic-1.5.12.jar:/Users/shawnpearson/.m2/repository/ch/qos/logback/logback-core/1.5.12/logback-core-1.5.12.jar:/Users/shawnpearson/.m2/repository/org/apache/logging/log4j/log4j-to-slf4j/2.24.1/log4j-to-slf4j-2.24.1.jar:/Users/shawnpearson/.m2/repository/org/apache/logging/log4j/log4j-api/2.24.1/log4j-api-2.24.1.jar:/Users/shawnpearson/.m2/repository/org/slf4j/jul-to-slf4j/2.0.16/jul-to-slf4j-2.0.16.jar:/Users/shawnpearson/.m2/repository/jakarta/annotation/jakarta.annotation-api/2.1.1/jakarta.annotation-api-2.1.1.jar:/Users/shawnpearson/.m2/repository/org/yaml/snakeyaml/2.3/snakeyaml-2.3.jar:/Users/shawnpearson/.m2/repository/org/hibernate/orm/hibernate-core/6.6.2.Final/hibernate-core-6.6.2.Final.jar:/Users/shawnpearson/.m2/repository/jakarta/persistence/jakarta.persistence-api/3.1.0/jakarta.persistence-api-3.1.0.jar:/Users/shawnpearson/.m2/repository/jakarta/transaction/jakarta.transaction-api/2.0.1/jakarta.transaction-api-2.0.1.jar:/Users/shawnpearson/.m2/repository/org/jboss/logging/jboss-logging/3.6.1.Final/jboss-logging-3.6.1.Final.jar:/Users/shawnpearson/.m2/repository/org/hibernate/common/hibernate-commons-annotations/7.0.3.Final/hibernate-commons-annotations-7.0.3.Final.jar:/Users/shawnpearson/.m2/repository/io/smallrye/jandex/3.2.0/jandex-3.2.0.jar:/Users/shawnpearson/.m2/repository/com/fasterxml/classmate/1.7.0/classmate-1.7.0.jar:/Users/shawnpearson/.m2/repository/net/bytebuddy/byte-buddy/1.15.10/byte-buddy-1.15.10.jar:/Users/shawnpearson/.m2/repository/org/glassfish/jaxb/jaxb-runtime/4.0.5/jaxb-runtime-4.0.5.jar:/Users/shawnpearson/.m2/repository/org/glassfish/jaxb/jaxb-core/4.0.5/jaxb-core-4.0.5.jar:/Users/shawnpearson/.m2/repository/org/eclipse/angus/angus-activation/2.0.2/angus-activation-2.0.2.jar:/Users/shawnpearson/.m2/repository/org/glassfish/jaxb/txw2/4.0.5/txw2-4.0.5.jar:/Users/shawnpearson/.m2/repository/com/sun/istack/istack-commons-runtime/4.1.2/istack-commons-runtime-4.1.2.jar:/Users/shawnpearson/.m2/repository/jakarta/inject/jakarta.inject-api/2.0.1/jakarta.inject-api-2.0.1.jar:/Users/shawnpearson/.m2/repository/org/antlr/antlr4-runtime/4.13.0/antlr4-runtime-4.13.0.jar:/Users/shawnpearson/.m2/repository/org/springframework/data/spring-data-jpa/3.4.0/spring-data-jpa-3.4.0.jar:/Users/shawnpearson/.m2/repository/org/springframework/data/spring-data-commons/3.4.0/spring-data-commons-3.4.0.jar:/Users/shawnpearson/.m2/repository/org/springframework/spring-orm/6.2.0/spring-orm-6.2.0.jar:/Users/shawnpearson/.m2/repository/org/springframework/spring-context/6.2.0/spring-context-6.2.0.jar:/Users/shawnpearson/.m2/repository/org/springframework/spring-aop/6.2.0/spring-aop-6.2.0.jar:/Users/shawnpearson/.m2/repository/org/springframework/spring-tx/6.2.0/spring-tx-6.2.0.jar:/Users/shawnpearson/.m2/repository/org/springframework/spring-beans/6.2.0/spring-beans-6.2.0.jar:/Users/shawnpearson/.m2/repository/org/springframework/boot/spring-boot-starter-web/3.4.1-SNAPSHOT/spring-boot-starter-web-3.4.1-SNAPSHOT.jar:/Users/shawnpearson/.m2/repository/org/springframework/boot/spring-boot-starter-json/3.4.1-SNAPSHOT/spring-boot-starter-json-3.4.1-SNAPSHOT.jar:/Users/shawnpearson/.m2/repository/com/fasterxml/jackson/core/jackson-databind/2.18.1/jackson-databind-2.18.1.jar:/Users/shawnpearson/.m2/repository/com/fasterxml/jackson/core/jackson-annotations/2.18.1/jackson-annotations-2.18.1.jar:/Users/shawnpearson/.m2/repository/com/fasterxml/jackson/core/jackson-core/2.18.1/jackson-core-2.18.1.jar:/Users/shawnpearson/.m2/repository/com/fasterxml/jackson/datatype/jackson-datatype-jdk8/2.18.1/jackson-datatype-jdk8-2.18.1.jar:/Users/shawnpearson/.m2/repository/com/fasterxml/jackson/datatype/jackson-datatype-jsr310/2.18.1/jackson-datatype-jsr310-2.18.1.jar:/Users/shawnpearson/.m2/repository/com/fasterxml/jackson/module/jackson-module-parameter-names/2.18.1/jackson-module-parameter-names-2.18.1.jar:/Users/shawnpearson/.m2/repository/org/springframework/boot/spring-boot-starter-tomcat/3.4.1-SNAPSHOT/spring-boot-starter-tomcat-3.4.1-SNAPSHOT.jar:/Users/shawnpearson/.m2/repository/org/apache/tomcat/embed/tomcat-embed-core/10.1.33/tomcat-embed-core-10.1.33.jar:/Users/shawnpearson/.m2/repository/org/apache/tomcat/embed/tomcat-embed-el/10.1.33/tomcat-embed-el-10.1.33.jar:/Users/shawnpearson/.m2/repository/org/apache/tomcat/embed/tomcat-embed-websocket/10.1.33/tomcat-embed-websocket-10.1.33.jar:/Users/shawnpearson/.m2/repository/org/springframework/spring-web/6.2.0/spring-web-6.2.0.jar:/Users/shawnpearson/.m2/repository/io/micrometer/micrometer-observation/1.14.1/micrometer-observation-1.14.1.jar:/Users/shawnpearson/.m2/repository/io/micrometer/micrometer-commons/1.14.1/micrometer-commons-1.14.1.jar:/Users/shawnpearson/.m2/repository/org/springframework/spring-webmvc/6.2.0/spring-webmvc-6.2.0.jar:/Users/shawnpearson/.m2/repository/org/springframework/spring-expression/6.2.0/spring-expression-6.2.0.jar:/Users/shawnpearson/.m2/repository/com/mysql/mysql-connector-j/9.1.0/mysql-connector-j-9.1.0.jar:/Users/shawnpearson/.m2/repository/org/projectlombok/lombok/1.18.36/lombok-1.18.36.jar:/Users/shawnpearson/.m2/repository/org/springframework/boot/spring-boot-starter-test/3.4.1-SNAPSHOT/spring-boot-starter-test-3.4.1-SNAPSHOT.jar:/Users/shawnpearson/.m2/repository/org/springframework/boot/spring-boot-test/3.4.1-SNAPSHOT/spring-boot-test-3.4.1-SNAPSHOT.jar:/Users/shawnpearson/.m2/repository/org/springframework/boot/spring-boot-test-autoconfigure/3.4.1-SNAPSHOT/spring-boot-test-autoconfigure-3.4.1-SNAPSHOT.jar:/Users/shawnpearson/.m2/repository/com/jayway/jsonpath/json-path/2.9.0/json-path-2.9.0.jar:/Users/shawnpearson/.m2/repository/jakarta/xml/bind/jakarta.xml.bind-api/4.0.2/jakarta.xml.bind-api-4.0.2.jar:/Users/shawnpearson/.m2/repository/jakarta/activation/jakarta.activation-api/2.1.3/jakarta.activation-api-2.1.3.jar:/Users/shawnpearson/.m2/repository/net/minidev/json-smart/2.5.1/json-smart-2.5.1.jar:/Users/shawnpearson/.m2/repository/net/minidev/accessors-smart/2.5.1/accessors-smart-2.5.1.jar:/Users/shawnpearson/.m2/repository/org/ow2/asm/asm/9.6/asm-9.6.jar:/Users/shawnpearson/.m2/repository/org/assertj/assertj-core/3.26.3/assertj-core-3.26.3.jar:/Users/shawnpearson/.m2/repository/org/awaitility/awaitility/4.2.2/awaitility-4.2.2.jar:/Users/shawnpearson/.m2/repository/org/hamcrest/hamcrest/2.2/hamcrest-2.2.jar:/Users/shawnpearson/.m2/repository/org/junit/jupiter/junit-jupiter/5.11.3/junit-jupiter-5.11.3.jar:/Users/shawnpearson/.m2/repository/org/junit/jupiter/junit-jupiter-api/5.11.3/junit-jupiter-api-5.11.3.jar:/Users/shawnpearson/.m2/repository/org/opentest4j/opentest4j/1.3.0/opentest4j-1.3.0.jar:/Users/shawnpearson/.m2/repository/org/junit/platform/junit-platform-commons/1.11.3/junit-platform-commons-1.11.3.jar:/Users/shawnpearson/.m2/repository/org/apiguardian/apiguardian-api/1.1.2/apiguardian-api-1.1.2.jar:/Users/shawnpearson/.m2/repository/org/junit/jupiter/junit-jupiter-params/5.11.3/junit-jupiter-params-5.11.3.jar:/Users/shawnpearson/.m2/repository/org/junit/jupiter/junit-jupiter-engine/5.11.3/junit-jupiter-engine-5.11.3.jar:/Users/shawnpearson/.m2/repository/org/junit/platform/junit-platform-engine/1.11.3/junit-platform-engine-1.11.3.jar:/Users/shawnpearson/.m2/repository/org/mockito/mockito-core/5.14.2/mockito-core-5.14.2.jar:/Users/shawnpearson/.m2/repository/net/bytebuddy/byte-buddy-agent/1.15.10/byte-buddy-agent-1.15.10.jar:/Users/shawnpearson/.m2/repository/org/objenesis/objenesis/3.3/objenesis-3.3.jar:/Users/shawnpearson/.m2/repository/org/mockito/mockito-junit-jupiter/5.14.2/mockito-junit-jupiter-5.14.2.jar:/Users/shawnpearson/.m2/repository/org/skyscreamer/jsonassert/1.5.3/jsonassert-1.5.3.jar:/Users/shawnpearson/.m2/repository/com/vaadin/external/google/android-json/0.0.20131108.vaadin1/android-json-0.0.20131108.vaadin1.jar:/Users/shawnpearson/.m2/repository/org/springframework/spring-core/6.2.0/spring-core-6.2.0.jar:/Users/shawnpearson/.m2/repository/org/springframework/spring-jcl/6.2.0/spring-jcl-6.2.0.jar:/Users/shawnpearson/.m2/repository/org/springframework/spring-test/6.2.0/spring-test-6.2.0.jar:/Users/shawnpearson/.m2/repository/org/xmlunit/xmlunit-core/2.10.0/xmlunit-core-2.10.0.jar:/Users/shawnpearson/.m2/repository/org/springframework/retry/spring-retry/2.0.5/spring-retry-2.0.5.jar:/Users/shawnpearson/.m2/repository/org/springframework/spring-aspects/5.3.9/spring-aspects-5.3.9.jar:/Users/shawnpearson/.m2/repository/org/aspectj/aspectjweaver/1.9.22.1/aspectjweaver-1.9.22.1.jar:"/>
    <property name="java.vm.vendor" value="Homebrew"/>
    <property name="sun.arch.data.model" value="64"/>
    <property name="java.vendor.url" value="https://github.com/Homebrew/homebrew-core/issues"/>
    <property name="user.timezone" value="America/New_York"/>
    <property name="org.jboss.logging.provider" value="slf4j"/>
    <property name="os.name" value="Mac OS X"/>
    <property name="java.vm.specification.version" value="23"/>
    <property name="sun.java.launcher" value="SUN_STANDARD"/>
    <property name="user.country" value="US"/>
    <property name="sun.boot.library.path" value="/opt/homebrew/Cellar/openjdk/23.0.1/libexec/openjdk.jdk/Contents/Home/lib"/>
    <property name="sun.java.command" value="/Users/shawnpearson/source/globalcorp-catalogapi-cloudsql/target/surefire/surefirebooter-20241130201036223_3.jar /Users/shawnpearson/source/globalcorp-catalogapi-cloudsql/target/surefire 2024-11-30T20-10-36_183-jvmRun1 surefire-20241130201036223_1tmp surefire_0-20241130201036223_2tmp"/>
    <property name="jdk.debug" value="release"/>
    <property name="surefire.test.class.path" value="/Users/shawnpearson/source/globalcorp-catalogapi-cloudsql/target/test-classes:/Users/shawnpearson/source/globalcorp-catalogapi-cloudsql/target/classes:/Users/shawnpearson/.m2/repository/com/google/cloud/spring-cloud-gcp-starter-sql-mysql/4.1.4/spring-cloud-gcp-starter-sql-mysql-4.1.4.jar:/Users/shawnpearson/.m2/repository/com/google/cloud/spring-cloud-gcp-starter/4.1.4/spring-cloud-gcp-starter-4.1.4.jar:/Users/shawnpearson/.m2/repository/com/google/cloud/spring-cloud-gcp-core/4.1.4/spring-cloud-gcp-core-4.1.4.jar:/Users/shawnpearson/.m2/repository/com/google/cloud/google-cloud-core/2.14.0/google-cloud-core-2.14.0.jar:/Users/shawnpearson/.m2/repository/com/google/auto/value/auto-value-annotations/1.10.1/auto-value-annotations-1.10.1.jar:/Users/shawnpearson/.m2/repository/com/google/protobuf/protobuf-java-util/3.21.12/protobuf-java-util-3.21.12.jar:/Users/shawnpearson/.m2/repository/com/google/api/grpc/proto-google-common-protos/2.15.0/proto-google-common-protos-2.15.0.jar:/Users/shawnpearson/.m2/repository/com/google/api/grpc/proto-google-iam-v1/1.10.0/proto-google-iam-v1-1.10.0.jar:/Users/shawnpearson/.m2/repository/org/threeten/threetenbp/1.6.7/threetenbp-1.6.7.jar:/Users/shawnpearson/.m2/repository/com/google/api/api-common/2.7.0/api-common-2.7.0.jar:/Users/shawnpearson/.m2/repository/com/google/auto/value/auto-value/1.10.1/auto-value-1.10.1.jar:/Users/shawnpearson/.m2/repository/javax/annotation/javax.annotation-api/1.3.2/javax.annotation-api-1.3.2.jar:/Users/shawnpearson/.m2/repository/com/google/auth/google-auth-library-credentials/1.16.0/google-auth-library-credentials-1.16.0.jar:/Users/shawnpearson/.m2/repository/com/google/protobuf/protobuf-java/3.21.12/protobuf-java-3.21.12.jar:/Users/shawnpearson/.m2/repository/com/google/cloud/spring-cloud-gcp-autoconfigure/4.1.4/spring-cloud-gcp-autoconfigure-4.1.4.jar:/Users/shawnpearson/.m2/repository/org/apache/commons/commons-lang3/3.17.0/commons-lang3-3.17.0.jar:/Users/shawnpearson/.m2/repository/org/springframework/boot/spring-boot-starter-jdbc/3.4.1-SNAPSHOT/spring-boot-starter-jdbc-3.4.1-SNAPSHOT.jar:/Users/shawnpearson/.m2/repository/com/zaxxer/HikariCP/5.1.0/HikariCP-5.1.0.jar:/Users/shawnpearson/.m2/repository/org/springframework/spring-jdbc/6.2.0/spring-jdbc-6.2.0.jar:/Users/shawnpearson/.m2/repository/com/google/cloud/sql/mysql-socket-factory/1.11.0/mysql-socket-factory-1.11.0.jar:/Users/shawnpearson/.m2/repository/com/google/cloud/sql/jdbc-socket-factory-core/1.11.0/jdbc-socket-factory-core-1.11.0.jar:/Users/shawnpearson/.m2/repository/dev/failsafe/failsafe/3.3.0/failsafe-3.3.0.jar:/Users/shawnpearson/.m2/repository/com/github/jnr/jnr-unixsocket/0.38.19/jnr-unixsocket-0.38.19.jar:/Users/shawnpearson/.m2/repository/com/github/jnr/jnr-ffi/2.2.13/jnr-ffi-2.2.13.jar:/Users/shawnpearson/.m2/repository/com/github/jnr/jffi/1.3.10/jffi-1.3.10.jar:/Users/shawnpearson/.m2/repository/com/github/jnr/jffi/1.3.10/jffi-1.3.10-native.jar:/Users/shawnpearson/.m2/repository/org/ow2/asm/asm-commons/9.2/asm-commons-9.2.jar:/Users/shawnpearson/.m2/repository/com/github/jnr/jnr-a64asm/1.0.0/jnr-a64asm-1.0.0.jar:/Users/shawnpearson/.m2/repository/com/github/jnr/jnr-x86asm/1.0.2/jnr-x86asm-1.0.2.jar:/Users/shawnpearson/.m2/repository/com/github/jnr/jnr-constants/0.10.4/jnr-constants-0.10.4.jar:/Users/shawnpearson/.m2/repository/com/github/jnr/jnr-enxio/0.32.14/jnr-enxio-0.32.14.jar:/Users/shawnpearson/.m2/repository/com/github/jnr/jnr-posix/3.1.16/jnr-posix-3.1.16.jar:/Users/shawnpearson/.m2/repository/org/ow2/asm/asm-util/9.4/asm-util-9.4.jar:/Users/shawnpearson/.m2/repository/org/ow2/asm/asm-tree/9.4/asm-tree-9.4.jar:/Users/shawnpearson/.m2/repository/org/ow2/asm/asm-analysis/9.4/asm-analysis-9.4.jar:/Users/shawnpearson/.m2/repository/com/google/http-client/google-http-client/1.43.1/google-http-client-1.43.1.jar:/Users/shawnpearson/.m2/repository/org/apache/httpcomponents/httpclient/4.5.14/httpclient-4.5.14.jar:/Users/shawnpearson/.m2/repository/commons-logging/commons-logging/1.2/commons-logging-1.2.jar:/Users/shawnpearson/.m2/repository/org/apache/httpcomponents/httpcore/4.4.16/httpcore-4.4.16.jar:/Users/shawnpearson/.m2/repository/io/opencensus/opencensus-api/0.31.1/opencensus-api-0.31.1.jar:/Users/shawnpearson/.m2/repository/io/grpc/grpc-context/1.54.0/grpc-context-1.54.0.jar:/Users/shawnpearson/.m2/repository/io/opencensus/opencensus-contrib-http-util/0.31.1/opencensus-contrib-http-util-0.31.1.jar:/Users/shawnpearson/.m2/repository/com/google/errorprone/error_prone_annotations/2.16/error_prone_annotations-2.16.jar:/Users/shawnpearson/.m2/repository/com/google/http-client/google-http-client-gson/1.43.1/google-http-client-gson-1.43.1.jar:/Users/shawnpearson/.m2/repository/com/google/code/gson/gson/2.11.0/gson-2.11.0.jar:/Users/shawnpearson/.m2/repository/com/google/api-client/google-api-client/2.2.0/google-api-client-2.2.0.jar:/Users/shawnpearson/.m2/repository/commons-codec/commons-codec/1.17.1/commons-codec-1.17.1.jar:/Users/shawnpearson/.m2/repository/com/google/http-client/google-http-client-apache-v2/1.43.1/google-http-client-apache-v2-1.43.1.jar:/Users/shawnpearson/.m2/repository/org/checkerframework/checker-compat-qual/2.5.5/checker-compat-qual-2.5.5.jar:/Users/shawnpearson/.m2/repository/com/google/apis/google-api-services-sqladmin/v1beta4-rev20230111-2.0.0/google-api-services-sqladmin-v1beta4-rev20230111-2.0.0.jar:/Users/shawnpearson/.m2/repository/com/google/auth/google-auth-library-oauth2-http/1.16.0/google-auth-library-oauth2-http-1.16.0.jar:/Users/shawnpearson/.m2/repository/com/google/oauth-client/google-oauth-client/1.34.1/google-oauth-client-1.34.1.jar:/Users/shawnpearson/.m2/repository/com/google/api/gax/2.24.0/gax-2.24.0.jar:/Users/shawnpearson/.m2/repository/com/google/guava/guava/31.1-jre/guava-31.1-jre.jar:/Users/shawnpearson/.m2/repository/com/google/guava/failureaccess/1.0.1/failureaccess-1.0.1.jar:/Users/shawnpearson/.m2/repository/com/google/guava/listenablefuture/9999.0-empty-to-avoid-conflict-with-guava/listenablefuture-9999.0-empty-to-avoid-conflict-with-guava.jar:/Users/shawnpearson/.m2/repository/com/google/code/findbugs/jsr305/3.0.2/jsr305-3.0.2.jar:/Users/shawnpearson/.m2/repository/org/checkerframework/checker-qual/3.12.0/checker-qual-3.12.0.jar:/Users/shawnpearson/.m2/repository/com/google/j2objc/j2objc-annotations/1.3/j2objc-annotations-1.3.jar:/Users/shawnpearson/.m2/repository/org/slf4j/slf4j-api/2.0.16/slf4j-api-2.0.16.jar:/Users/shawnpearson/.m2/repository/org/springframework/boot/spring-boot-starter-data-jpa/3.4.1-SNAPSHOT/spring-boot-starter-data-jpa-3.4.1-SNAPSHOT.jar:/Users/shawnpearson/.m2/repository/org/springframework/boot/spring-boot-starter/3.4.1-SNAPSHOT/spring-boot-starter-3.4.1-SNAPSHOT.jar:/Users/shawnpearson/.m2/repository/org/springframework/boot/spring-boot/3.4.1-SNAPSHOT/spring-boot-3.4.1-SNAPSHOT.jar:/Users/shawnpearson/.m2/repository/org/springframework/boot/spring-boot-autoconfigure/3.4.1-SNAPSHOT/spring-boot-autoconfigure-3.4.1-SNAPSHOT.jar:/Users/shawnpearson/.m2/repository/org/springframework/boot/spring-boot-starter-logging/3.4.1-SNAPSHOT/spring-boot-starter-logging-3.4.1-SNAPSHOT.jar:/Users/shawnpearson/.m2/repository/ch/qos/logback/logback-classic/1.5.12/logback-classic-1.5.12.jar:/Users/shawnpearson/.m2/repository/ch/qos/logback/logback-core/1.5.12/logback-core-1.5.12.jar:/Users/shawnpearson/.m2/repository/org/apache/logging/log4j/log4j-to-slf4j/2.24.1/log4j-to-slf4j-2.24.1.jar:/Users/shawnpearson/.m2/repository/org/apache/logging/log4j/log4j-api/2.24.1/log4j-api-2.24.1.jar:/Users/shawnpearson/.m2/repository/org/slf4j/jul-to-slf4j/2.0.16/jul-to-slf4j-2.0.16.jar:/Users/shawnpearson/.m2/repository/jakarta/annotation/jakarta.annotation-api/2.1.1/jakarta.annotation-api-2.1.1.jar:/Users/shawnpearson/.m2/repository/org/yaml/snakeyaml/2.3/snakeyaml-2.3.jar:/Users/shawnpearson/.m2/repository/org/hibernate/orm/hibernate-core/6.6.2.Final/hibernate-core-6.6.2.Final.jar:/Users/shawnpearson/.m2/repository/jakarta/persistence/jakarta.persistence-api/3.1.0/jakarta.persistence-api-3.1.0.jar:/Users/shawnpearson/.m2/repository/jakarta/transaction/jakarta.transaction-api/2.0.1/jakarta.transaction-api-2.0.1.jar:/Users/shawnpearson/.m2/repository/org/jboss/logging/jboss-logging/3.6.1.Final/jboss-logging-3.6.1.Final.jar:/Users/shawnpearson/.m2/repository/org/hibernate/common/hibernate-commons-annotations/7.0.3.Final/hibernate-commons-annotations-7.0.3.Final.jar:/Users/shawnpearson/.m2/repository/io/smallrye/jandex/3.2.0/jandex-3.2.0.jar:/Users/shawnpearson/.m2/repository/com/fasterxml/classmate/1.7.0/classmate-1.7.0.jar:/Users/shawnpearson/.m2/repository/net/bytebuddy/byte-buddy/1.15.10/byte-buddy-1.15.10.jar:/Users/shawnpearson/.m2/repository/org/glassfish/jaxb/jaxb-runtime/4.0.5/jaxb-runtime-4.0.5.jar:/Users/shawnpearson/.m2/repository/org/glassfish/jaxb/jaxb-core/4.0.5/jaxb-core-4.0.5.jar:/Users/shawnpearson/.m2/repository/org/eclipse/angus/angus-activation/2.0.2/angus-activation-2.0.2.jar:/Users/shawnpearson/.m2/repository/org/glassfish/jaxb/txw2/4.0.5/txw2-4.0.5.jar:/Users/shawnpearson/.m2/repository/com/sun/istack/istack-commons-runtime/4.1.2/istack-commons-runtime-4.1.2.jar:/Users/shawnpearson/.m2/repository/jakarta/inject/jakarta.inject-api/2.0.1/jakarta.inject-api-2.0.1.jar:/Users/shawnpearson/.m2/repository/org/antlr/antlr4-runtime/4.13.0/antlr4-runtime-4.13.0.jar:/Users/shawnpearson/.m2/repository/org/springframework/data/spring-data-jpa/3.4.0/spring-data-jpa-3.4.0.jar:/Users/shawnpearson/.m2/repository/org/springframework/data/spring-data-commons/3.4.0/spring-data-commons-3.4.0.jar:/Users/shawnpearson/.m2/repository/org/springframework/spring-orm/6.2.0/spring-orm-6.2.0.jar:/Users/shawnpearson/.m2/repository/org/springframework/spring-context/6.2.0/spring-context-6.2.0.jar:/Users/shawnpearson/.m2/repository/org/springframework/spring-aop/6.2.0/spring-aop-6.2.0.jar:/Users/shawnpearson/.m2/repository/org/springframework/spring-tx/6.2.0/spring-tx-6.2.0.jar:/Users/shawnpearson/.m2/repository/org/springframework/spring-beans/6.2.0/spring-beans-6.2.0.jar:/Users/shawnpearson/.m2/repository/org/springframework/boot/spring-boot-starter-web/3.4.1-SNAPSHOT/spring-boot-starter-web-3.4.1-SNAPSHOT.jar:/Users/shawnpearson/.m2/repository/org/springframework/boot/spring-boot-starter-json/3.4.1-SNAPSHOT/spring-boot-starter-json-3.4.1-SNAPSHOT.jar:/Users/shawnpearson/.m2/repository/com/fasterxml/jackson/core/jackson-databind/2.18.1/jackson-databind-2.18.1.jar:/Users/shawnpearson/.m2/repository/com/fasterxml/jackson/core/jackson-annotations/2.18.1/jackson-annotations-2.18.1.jar:/Users/shawnpearson/.m2/repository/com/fasterxml/jackson/core/jackson-core/2.18.1/jackson-core-2.18.1.jar:/Users/shawnpearson/.m2/repository/com/fasterxml/jackson/datatype/jackson-datatype-jdk8/2.18.1/jackson-datatype-jdk8-2.18.1.jar:/Users/shawnpearson/.m2/repository/com/fasterxml/jackson/datatype/jackson-datatype-jsr310/2.18.1/jackson-datatype-jsr310-2.18.1.jar:/Users/shawnpearson/.m2/repository/com/fasterxml/jackson/module/jackson-module-parameter-names/2.18.1/jackson-module-parameter-names-2.18.1.jar:/Users/shawnpearson/.m2/repository/org/springframework/boot/spring-boot-starter-tomcat/3.4.1-SNAPSHOT/spring-boot-starter-tomcat-3.4.1-SNAPSHOT.jar:/Users/shawnpearson/.m2/repository/org/apache/tomcat/embed/tomcat-embed-core/10.1.33/tomcat-embed-core-10.1.33.jar:/Users/shawnpearson/.m2/repository/org/apache/tomcat/embed/tomcat-embed-el/10.1.33/tomcat-embed-el-10.1.33.jar:/Users/shawnpearson/.m2/repository/org/apache/tomcat/embed/tomcat-embed-websocket/10.1.33/tomcat-embed-websocket-10.1.33.jar:/Users/shawnpearson/.m2/repository/org/springframework/spring-web/6.2.0/spring-web-6.2.0.jar:/Users/shawnpearson/.m2/repository/io/micrometer/micrometer-observation/1.14.1/micrometer-observation-1.14.1.jar:/Users/shawnpearson/.m2/repository/io/micrometer/micrometer-commons/1.14.1/micrometer-commons-1.14.1.jar:/Users/shawnpearson/.m2/repository/org/springframework/spring-webmvc/6.2.0/spring-webmvc-6.2.0.jar:/Users/shawnpearson/.m2/repository/org/springframework/spring-expression/6.2.0/spring-expression-6.2.0.jar:/Users/shawnpearson/.m2/repository/com/mysql/mysql-connector-j/9.1.0/mysql-connector-j-9.1.0.jar:/Users/shawnpearson/.m2/repository/org/projectlombok/lombok/1.18.36/lombok-1.18.36.jar:/Users/shawnpearson/.m2/repository/org/springframework/boot/spring-boot-starter-test/3.4.1-SNAPSHOT/spring-boot-starter-test-3.4.1-SNAPSHOT.jar:/Users/shawnpearson/.m2/repository/org/springframework/boot/spring-boot-test/3.4.1-SNAPSHOT/spring-boot-test-3.4.1-SNAPSHOT.jar:/Users/shawnpearson/.m2/repository/org/springframework/boot/spring-boot-test-autoconfigure/3.4.1-SNAPSHOT/spring-boot-test-autoconfigure-3.4.1-SNAPSHOT.jar:/Users/shawnpearson/.m2/repository/com/jayway/jsonpath/json-path/2.9.0/json-path-2.9.0.jar:/Users/shawnpearson/.m2/repository/jakarta/xml/bind/jakarta.xml.bind-api/4.0.2/jakarta.xml.bind-api-4.0.2.jar:/Users/shawnpearson/.m2/repository/jakarta/activation/jakarta.activation-api/2.1.3/jakarta.activation-api-2.1.3.jar:/Users/shawnpearson/.m2/repository/net/minidev/json-smart/2.5.1/json-smart-2.5.1.jar:/Users/shawnpearson/.m2/repository/net/minidev/accessors-smart/2.5.1/accessors-smart-2.5.1.jar:/Users/shawnpearson/.m2/repository/org/ow2/asm/asm/9.6/asm-9.6.jar:/Users/shawnpearson/.m2/repository/org/assertj/assertj-core/3.26.3/assertj-core-3.26.3.jar:/Users/shawnpearson/.m2/repository/org/awaitility/awaitility/4.2.2/awaitility-4.2.2.jar:/Users/shawnpearson/.m2/repository/org/hamcrest/hamcrest/2.2/hamcrest-2.2.jar:/Users/shawnpearson/.m2/repository/org/junit/jupiter/junit-jupiter/5.11.3/junit-jupiter-5.11.3.jar:/Users/shawnpearson/.m2/repository/org/junit/jupiter/junit-jupiter-api/5.11.3/junit-jupiter-api-5.11.3.jar:/Users/shawnpearson/.m2/repository/org/opentest4j/opentest4j/1.3.0/opentest4j-1.3.0.jar:/Users/shawnpearson/.m2/repository/org/junit/platform/junit-platform-commons/1.11.3/junit-platform-commons-1.11.3.jar:/Users/shawnpearson/.m2/repository/org/apiguardian/apiguardian-api/1.1.2/apiguardian-api-1.1.2.jar:/Users/shawnpearson/.m2/repository/org/junit/jupiter/junit-jupiter-params/5.11.3/junit-jupiter-params-5.11.3.jar:/Users/shawnpearson/.m2/repository/org/junit/jupiter/junit-jupiter-engine/5.11.3/junit-jupiter-engine-5.11.3.jar:/Users/shawnpearson/.m2/repository/org/junit/platform/junit-platform-engine/1.11.3/junit-platform-engine-1.11.3.jar:/Users/shawnpearson/.m2/repository/org/mockito/mockito-core/5.14.2/mockito-core-5.14.2.jar:/Users/shawnpearson/.m2/repository/net/bytebuddy/byte-buddy-agent/1.15.10/byte-buddy-agent-1.15.10.jar:/Users/shawnpearson/.m2/repository/org/objenesis/objenesis/3.3/objenesis-3.3.jar:/Users/shawnpearson/.m2/repository/org/mockito/mockito-junit-jupiter/5.14.2/mockito-junit-jupiter-5.14.2.jar:/Users/shawnpearson/.m2/repository/org/skyscreamer/jsonassert/1.5.3/jsonassert-1.5.3.jar:/Users/shawnpearson/.m2/repository/com/vaadin/external/google/android-json/0.0.20131108.vaadin1/android-json-0.0.20131108.vaadin1.jar:/Users/shawnpearson/.m2/repository/org/springframework/spring-core/6.2.0/spring-core-6.2.0.jar:/Users/shawnpearson/.m2/repository/org/springframework/spring-jcl/6.2.0/spring-jcl-6.2.0.jar:/Users/shawnpearson/.m2/repository/org/springframework/spring-test/6.2.0/spring-test-6.2.0.jar:/Users/shawnpearson/.m2/repository/org/xmlunit/xmlunit-core/2.10.0/xmlunit-core-2.10.0.jar:/Users/shawnpearson/.m2/repository/org/springframework/retry/spring-retry/2.0.5/spring-retry-2.0.5.jar:/Users/shawnpearson/.m2/repository/org/springframework/spring-aspects/5.3.9/spring-aspects-5.3.9.jar:/Users/shawnpearson/.m2/repository/org/aspectj/aspectjweaver/1.9.22.1/aspectjweaver-1.9.22.1.jar:"/>
    <property name="sun.cpu.endian" value="little"/>
    <property name="user.home" value="/Users/shawnpearson"/>
    <property name="user.language" value="en"/>
    <property name="java.specification.vendor" value="Oracle Corporation"/>
    <property name="java.version.date" value="2024-10-15"/>
    <property name="java.home" value="/opt/homebrew/Cellar/openjdk/23.0.1/libexec/openjdk.jdk/Contents/Home"/>
    <property name="file.separator" value="/"/>
    <property name="basedir" value="/Users/shawnpearson/source/globalcorp-catalogapi-cloudsql"/>
    <property name="java.vm.compressedOopsMode" value="Zero based"/>
    <property name="line.separator" value="&#10;"/>
    <property name="java.vm.specification.vendor" value="Oracle Corporation"/>
    <property name="java.specification.name" value="Java Platform API Specification"/>
    <property name="FILE_LOG_CHARSET" value="UTF-8"/>
    <property name="java.awt.headless" value="true"/>
    <property name="apple.awt.application.name" value="ForkedBooter"/>
    <property name="surefire.real.class.path" value="/Users/shawnpearson/source/globalcorp-catalogapi-cloudsql/target/surefire/surefirebooter-20241130201036223_3.jar"/>
    <property name="sun.management.compiler" value="HotSpot 64-Bit Tiered Compilers"/>
    <property name="java.runtime.version" value="23.0.1"/>
    <property name="user.name" value="shawnpearson"/>
    <property name="stdout.encoding" value="UTF-8"/>
    <property name="path.separator" value=":"/>
    <property name="os.version" value="14.6.1"/>
    <property name="java.runtime.name" value="OpenJDK Runtime Environment"/>
    <property name="file.encoding" value="UTF-8"/>
    <property name="java.vm.name" value="OpenJDK 64-Bit Server VM"/>
    <property name="java.vendor.version" value="Homebrew"/>
    <property name="localRepository" value="/Users/shawnpearson/.m2/repository"/>
    <property name="java.vendor.url.bug" value="https://github.com/Homebrew/homebrew-core/issues"/>
    <property name="java.io.tmpdir" value="/var/folders/yn/hwjjmmds4mvd0tyrp_qnjq2h0000gp/T/"/>
    <property name="java.version" value="23.0.1"/>
    <property name="user.dir" value="/Users/shawnpearson/source/globalcorp-catalogapi-cloudsql"/>
    <property name="os.arch" value="aarch64"/>
    <property name="java.vm.specification.name" value="Java Virtual Machine Specification"/>
    <property name="PID" value="72029"/>
    <property name="CONSOLE_LOG_CHARSET" value="UTF-8"/>
    <property name="native.encoding" value="UTF-8"/>
    <property name="java.library.path" value="/Users/shawnpearson/Library/Java/Extensions:/Library/Java/Extensions:/Network/Library/Java/Extensions:/System/Library/Java/Extensions:/usr/lib/java:."/>
    <property name="java.vm.info" value="mixed mode, sharing"/>
    <property name="stderr.encoding" value="UTF-8"/>
    <property name="java.vendor" value="Homebrew"/>
    <property name="java.vm.version" value="23.0.1"/>
    <property name="sun.io.unicode.encoding" value="UnicodeBig"/>
    <property name="_CLOUD_SQL_USER_TOKEN" value="spring-cloud-gcp-sql/4.1.4"/>
    <property name="java.class.version" value="67.0"/>
  </properties>
  <testcase name="contextLoads" classname="com.dbic.usersystem.catalogApiApplicationTests" time="0.396">
    <system-out><![CDATA[Standard Commons Logging discovery in action with spring-jcl: please remove commons-logging.jar from classpath in order to avoid potential conflicts
20:10:36.577 [main] INFO org.springframework.test.context.support.AnnotationConfigContextLoaderUtils -- Could not detect default configuration classes for test class [com.dbic.usersystem.catalogApiApplicationTests]: catalogApiApplicationTests does not declare any static, non-private, non-final, nested classes annotated with @Configuration.
20:10:36.611 [main] INFO org.springframework.boot.test.context.SpringBootTestContextBootstrapper -- Found @SpringBootConfiguration com.dbic.usersystem.catalogApiApplicationTests for test class com.dbic.usersystem.catalogApiApplicationTests

  .   ____          _            __ _ _
 /\\ / ___'_ __ _ _(_)_ __  __ _ \ \ \ \
( ( )\___ | '_ | '_| | '_ \/ _` | \ \ \ \
 \\/  ___)| |_)| | | | | || (_| |  ) ) ) )
  '  |____| .__|_| |_|_| |_\__, | / / / /
 =========|_|==============|___/=/_/_/_/

 :: Spring Boot ::       (v3.4.1-SNAPSHOT)

2024-11-30T20:10:36.763-05:00  INFO 72029 --- [           main] c.d.u.catalogApiApplicationTests         : Starting catalogApiApplicationTests using Java 23.0.1 with PID 72029 (started by shawnpearson in /Users/shawnpearson/source/globalcorp-catalogapi-cloudsql)
2024-11-30T20:10:36.763-05:00  INFO 72029 --- [           main] c.d.u.catalogApiApplicationTests         : The following 1 profile is active: "dev"
2024-11-30T20:10:36.837-05:00  INFO 72029 --- [           main] c.d.u.catalogApiApplicationTests         : Started catalogApiApplicationTests in 0.181 seconds (process running for 0.567)
]]></system-out>
    <system-err><![CDATA[Mockito is currently self-attaching to enable the inline-mock-maker. This will no longer work in future releases of the JDK. Please add Mockito as an agent to your build what is described in Mockito's documentation: https://javadoc.io/doc/org.mockito/mockito-core/latest/org/mockito/Mockito.html#0.3
WARNING: A Java agent has been loaded dynamically (/Users/shawnpearson/.m2/repository/net/bytebuddy/byte-buddy-agent/1.15.10/byte-buddy-agent-1.15.10.jar)
WARNING: If a serviceability tool is in use, please run with -XX:+EnableDynamicAgentLoading to hide this warning
WARNING: If a serviceability tool is not in use, please run with -Djdk.instrument.traceUsage for more information
WARNING: Dynamic loading of agents will be disallowed by default in a future release
]]></system-err>
  </testcase>
</testsuite>